<?xml version="1.0" encoding="UTF-8"?>
<coverage generated="1562712509264" clover="3.2.0">
  <project timestamp="1562712509265" name="All files">
    <metrics statements="77" coveredstatements="44" conditionals="44" coveredconditionals="16" methods="28" coveredmethods="17" elements="149" coveredelements="77" complexity="0" loc="77" ncloc="77" packages="4" files="10" classes="10"/>
    <package name="src">
      <metrics statements="35" coveredstatements="11" conditionals="33" coveredconditionals="8" methods="6" coveredmethods="2"/>
      <file name="index.js" path="C:\Users\Sowmya\ReactJS_SDLC\BookingApp\src\index.js">
        <metrics statements="1" coveredstatements="0" conditionals="0" coveredconditionals="0" methods="0" coveredmethods="0"/>
        <line num="6" count="0" type="stmt"/>
      </file>
      <file name="localStorageMiddleware.js" path="C:\Users\Sowmya\ReactJS_SDLC\BookingApp\src\localStorageMiddleware.js">
        <metrics statements="14" coveredstatements="0" conditionals="18" coveredconditionals="0" methods="3" coveredmethods="0"/>
        <line num="2" count="0" type="stmt"/>
        <line num="3" count="0" type="stmt"/>
        <line num="4" count="0" type="cond" truecount="0" falsecount="2"/>
        <line num="5" count="0" type="cond" truecount="0" falsecount="2"/>
        <line num="10" count="0" type="stmt"/>
        <line num="11" count="0" type="cond" truecount="0" falsecount="2"/>
        <line num="12" count="0" type="cond" truecount="0" falsecount="2"/>
        <line num="13" count="0" type="stmt"/>
        <line num="16" count="0" type="stmt"/>
        <line num="19" count="0" type="cond" truecount="0" falsecount="2"/>
        <line num="20" count="0" type="stmt"/>
        <line num="21" count="0" type="cond" truecount="0" falsecount="2"/>
        <line num="26" count="0" type="stmt"/>
        <line num="29" count="0" type="stmt"/>
      </file>
      <file name="reducer.js" path="C:\Users\Sowmya\ReactJS_SDLC\BookingApp\src\reducer.js">
        <metrics statements="17" coveredstatements="11" conditionals="15" coveredconditionals="8" methods="2" coveredmethods="2"/>
        <line num="4" count="4" type="cond" truecount="3" falsecount="0"/>
        <line num="6" count="1" type="stmt"/>
        <line num="9" count="2" type="stmt"/>
        <line num="10" count="2" type="cond" truecount="0" falsecount="1"/>
        <line num="11" count="2" type="stmt"/>
        <line num="12" count="8" type="cond" truecount="2" falsecount="2"/>
        <line num="13" count="0" type="cond" truecount="0" falsecount="2"/>
        <line num="14" count="0" type="stmt"/>
        <line num="15" count="0" type="cond" truecount="0" falsecount="2"/>
        <line num="16" count="0" type="stmt"/>
        <line num="17" count="0" type="stmt"/>
        <line num="18" count="0" type="stmt"/>
        <line num="21" count="8" type="cond" truecount="2" falsecount="0"/>
        <line num="22" count="2" type="stmt"/>
        <line num="24" count="8" type="stmt"/>
        <line num="26" count="2" type="stmt"/>
        <line num="29" count="1" type="stmt"/>
      </file>
      <file name="store.js" path="C:\Users\Sowmya\ReactJS_SDLC\BookingApp\src\store.js">
        <metrics statements="3" coveredstatements="0" conditionals="0" coveredconditionals="0" methods="1" coveredmethods="0"/>
        <line num="5" count="0" type="stmt"/>
        <line num="31" count="0" type="stmt"/>
        <line num="37" count="0" type="stmt"/>
      </file>
    </package>
    <package name="src.actions">
      <metrics statements="3" coveredstatements="3" conditionals="1" coveredconditionals="1" methods="3" coveredmethods="3"/>
      <file name="index.js" path="C:\Users\Sowmya\ReactJS_SDLC\BookingApp\src\actions\index.js">
        <metrics statements="3" coveredstatements="3" conditionals="1" coveredconditionals="1" methods="3" coveredmethods="3"/>
        <line num="4" count="1" type="stmt"/>
        <line num="10" count="1" type="stmt"/>
        <line num="20" count="1" type="stmt"/>
      </file>
    </package>
    <package name="src.components">
      <metrics statements="38" coveredstatements="29" conditionals="10" coveredconditionals="7" methods="19" coveredmethods="12"/>
      <file name="App.js" path="C:\Users\Sowmya\ReactJS_SDLC\BookingApp\src\components\App.js">
        <metrics statements="2" coveredstatements="0" conditionals="0" coveredconditionals="0" methods="1" coveredmethods="0"/>
        <line num="7" count="0" type="stmt"/>
        <line num="8" count="0" type="stmt"/>
      </file>
      <file name="Booking.js" path="C:\Users\Sowmya\ReactJS_SDLC\BookingApp\src\components\Booking.js">
        <metrics statements="18" coveredstatements="11" conditionals="1" coveredconditionals="0" methods="11" coveredmethods="5"/>
        <line num="9" count="6" type="stmt"/>
        <line num="10" count="6" type="stmt"/>
        <line num="11" count="6" type="stmt"/>
        <line num="14" count="4" type="stmt"/>
        <line num="17" count="1" type="stmt"/>
        <line num="21" count="0" type="stmt"/>
        <line num="22" count="0" type="stmt"/>
        <line num="25" count="6" type="cond" truecount="0" falsecount="1"/>
        <line num="26" count="6" type="stmt"/>
        <line num="30" count="24" type="stmt"/>
        <line num="48" count="1" type="stmt"/>
        <line num="49" count="0" type="stmt"/>
        <line num="53" count="1" type="stmt"/>
        <line num="54" count="0" type="stmt"/>
        <line num="55" count="0" type="stmt"/>
        <line num="56" count="0" type="stmt"/>
        <line num="57" count="0" type="stmt"/>
        <line num="60" count="1" type="stmt"/>
      </file>
      <file name="Room.js" path="C:\Users\Sowmya\ReactJS_SDLC\BookingApp\src\components\Room.js">
        <metrics statements="6" coveredstatements="6" conditionals="3" coveredconditionals="2" methods="4" coveredmethods="4"/>
        <line num="11" count="16" type="stmt"/>
        <line num="12" count="1" type="stmt"/>
        <line num="15" count="16" type="cond" truecount="0" falsecount="1"/>
        <line num="16" count="16" type="stmt"/>
        <line num="38" count="32" type="stmt"/>
        <line num="55" count="48" type="stmt"/>
      </file>
      <file name="styles.js" path="C:\Users\Sowmya\ReactJS_SDLC\BookingApp\src\components\styles.js">
        <metrics statements="12" coveredstatements="12" conditionals="6" coveredconditionals="5" methods="3" coveredmethods="3"/>
        <line num="3" count="1" type="stmt"/>
        <line num="7" count="1" type="stmt"/>
        <line num="12" count="1" type="stmt"/>
        <line num="20" count="16" type="cond" truecount="1" falsecount="1"/>
        <line num="23" count="1" type="stmt"/>
        <line num="28" count="16" type="cond" truecount="2" falsecount="0"/>
        <line num="31" count="1" type="stmt"/>
        <line num="41" count="1" type="stmt"/>
        <line num="42" count="16" type="cond" truecount="2" falsecount="0"/>
        <line num="46" count="1" type="stmt"/>
        <line num="52" count="1" type="stmt"/>
        <line num="87" count="1" type="stmt"/>
      </file>
    </package>
    <package name="src.constants">
      <metrics statements="1" coveredstatements="1" conditionals="0" coveredconditionals="0" methods="0" coveredmethods="0"/>
      <file name="index.js" path="C:\Users\Sowmya\ReactJS_SDLC\BookingApp\src\constants\index.js">
        <metrics statements="1" coveredstatements="1" conditionals="0" coveredconditionals="0" methods="0" coveredmethods="0"/>
        <line num="1" count="3" type="stmt"/>
      </file>
    </package>
  </project>
</coverage>
