{"C:\\Users\\Sowmya\\ReactJS_SDLC\\BookingApp\\src\\index.js": {"path":"C:\\Users\\Sowmya\\ReactJS_SDLC\\BookingApp\\src\\index.js","statementMap":{"0":{"start":{"line":6,"column":0},"end":{"line":11,"column":2}}},"fnMap":{},"branchMap":{},"s":{"0":0},"f":{},"b":{},"hash":"3d243e2e73aee792f27cd434f4523275ca2e2f0b"}
,"C:\\Users\\Sowmya\\ReactJS_SDLC\\BookingApp\\src\\localStorageMiddleware.js": {"path":"C:\\Users\\Sowmya\\ReactJS_SDLC\\BookingApp\\src\\localStorageMiddleware.js","statementMap":{"0":{"start":{"line":2,"column":26},"end":{"line":31,"column":5}},"1":{"start":{"line":2,"column":38},"end":{"line":31,"column":4}},"2":{"start":{"line":2,"column":56},"end":{"line":31,"column":2}},"3":{"start":{"line":3,"column":14},"end":{"line":3,"column":16}},"4":{"start":{"line":4,"column":2},"end":{"line":30,"column":3}},"5":{"start":{"line":5,"column":4},"end":{"line":18,"column":5}},"6":{"start":{"line":10,"column":6},"end":{"line":17,"column":7}},"7":{"start":{"line":11,"column":8},"end":{"line":11,"column":72}},"8":{"start":{"line":12,"column":8},"end":{"line":14,"column":9}},"9":{"start":{"line":13,"column":10},"end":{"line":13,"column":37}},"10":{"start":{"line":16,"column":8},"end":{"line":16,"column":46}},"11":{"start":{"line":19,"column":9},"end":{"line":30,"column":3}},"12":{"start":{"line":20,"column":4},"end":{"line":20,"column":29}},"13":{"start":{"line":21,"column":4},"end":{"line":27,"column":5}},"14":{"start":{"line":26,"column":6},"end":{"line":26,"column":67}},"15":{"start":{"line":29,"column":4},"end":{"line":29,"column":17}}},"fnMap":{"0":{"name":"(anonymous_0)","decl":{"start":{"line":2,"column":26},"end":{"line":2,"column":27}},"loc":{"start":{"line":2,"column":37},"end":{"line":31,"column":5}},"line":2},"1":{"name":"(anonymous_1)","decl":{"start":{"line":2,"column":45},"end":{"line":2,"column":46}},"loc":{"start":{"line":2,"column":55},"end":{"line":31,"column":3}},"line":2},"2":{"name":"(anonymous_2)","decl":{"start":{"line":2,"column":63},"end":{"line":2,"column":64}},"loc":{"start":{"line":2,"column":75},"end":{"line":31,"column":1}},"line":2}},"branchMap":{"0":{"loc":{"start":{"line":4,"column":2},"end":{"line":30,"column":3}},"type":"if","locations":[{"start":{"line":4,"column":2},"end":{"line":30,"column":3}},{"start":{"line":4,"column":2},"end":{"line":30,"column":3}}],"line":4},"1":{"loc":{"start":{"line":5,"column":4},"end":{"line":18,"column":5}},"type":"if","locations":[{"start":{"line":5,"column":4},"end":{"line":18,"column":5}},{"start":{"line":5,"column":4},"end":{"line":18,"column":5}}],"line":5},"2":{"loc":{"start":{"line":6,"column":6},"end":{"line":8,"column":55}},"type":"binary-expr","locations":[{"start":{"line":6,"column":6},"end":{"line":6,"column":12}},{"start":{"line":7,"column":6},"end":{"line":7,"column":25}},{"start":{"line":8,"column":6},"end":{"line":8,"column":55}}],"line":6},"3":{"loc":{"start":{"line":11,"column":16},"end":{"line":11,"column":71}},"type":"binary-expr","locations":[{"start":{"line":11,"column":16},"end":{"line":11,"column":65}},{"start":{"line":11,"column":69},"end":{"line":11,"column":71}}],"line":11},"4":{"loc":{"start":{"line":12,"column":8},"end":{"line":14,"column":9}},"type":"if","locations":[{"start":{"line":12,"column":8},"end":{"line":14,"column":9}},{"start":{"line":12,"column":8},"end":{"line":14,"column":9}}],"line":12},"5":{"loc":{"start":{"line":19,"column":9},"end":{"line":30,"column":3}},"type":"if","locations":[{"start":{"line":19,"column":9},"end":{"line":30,"column":3}},{"start":{"line":19,"column":9},"end":{"line":30,"column":3}}],"line":19},"6":{"loc":{"start":{"line":21,"column":4},"end":{"line":27,"column":5}},"type":"if","locations":[{"start":{"line":21,"column":4},"end":{"line":27,"column":5}},{"start":{"line":21,"column":4},"end":{"line":27,"column":5}}],"line":21},"7":{"loc":{"start":{"line":22,"column":6},"end":{"line":24,"column":55}},"type":"binary-expr","locations":[{"start":{"line":22,"column":6},"end":{"line":22,"column":12}},{"start":{"line":23,"column":6},"end":{"line":23,"column":25}},{"start":{"line":24,"column":6},"end":{"line":24,"column":55}}],"line":22}},"s":{"0":0,"1":0,"2":0,"3":0,"4":0,"5":0,"6":0,"7":0,"8":0,"9":0,"10":0,"11":0,"12":0,"13":0,"14":0,"15":0},"f":{"0":0,"1":0,"2":0},"b":{"0":[0,0],"1":[0,0],"2":[0,0,0],"3":[0,0],"4":[0,0],"5":[0,0],"6":[0,0],"7":[0,0,0]},"hash":"9a70cbb2ad32768557b1ac1eea7e248f0853b8ea"}
,"C:\\Users\\Sowmya\\ReactJS_SDLC\\BookingApp\\src\\reducer.js": {"path":"C:\\Users\\Sowmya\\ReactJS_SDLC\\BookingApp\\src\\reducer.js","statementMap":{"0":{"start":{"line":4,"column":2},"end":{"line":30,"column":3}},"1":{"start":{"line":6,"column":6},"end":{"line":6,"column":26}},"2":{"start":{"line":9,"column":20},"end":{"line":9,"column":34}},"3":{"start":{"line":10,"column":33},"end":{"line":10,"column":47}},"4":{"start":{"line":11,"column":27},"end":{"line":25,"column":8}},"5":{"start":{"line":12,"column":8},"end":{"line":20,"column":9}},"6":{"start":{"line":13,"column":10},"end":{"line":19,"column":13}},"7":{"start":{"line":14,"column":12},"end":{"line":14,"column":41}},"8":{"start":{"line":15,"column":17},"end":{"line":19,"column":13}},"9":{"start":{"line":16,"column":14},"end":{"line":16,"column":36}},"10":{"start":{"line":17,"column":14},"end":{"line":17,"column":30}},"11":{"start":{"line":18,"column":14},"end":{"line":18,"column":32}},"12":{"start":{"line":21,"column":8},"end":{"line":23,"column":9}},"13":{"start":{"line":22,"column":10},"end":{"line":22,"column":49}},"14":{"start":{"line":24,"column":8},"end":{"line":24,"column":20}},"15":{"start":{"line":26,"column":6},"end":{"line":26,"column":26}},"16":{"start":{"line":29,"column":6},"end":{"line":29,"column":19}}},"fnMap":{"0":{"name":"(anonymous_0)","decl":{"start":{"line":3,"column":15},"end":{"line":3,"column":16}},"loc":{"start":{"line":3,"column":39},"end":{"line":31,"column":1}},"line":3},"1":{"name":"(anonymous_1)","decl":{"start":{"line":11,"column":37},"end":{"line":11,"column":38}},"loc":{"start":{"line":11,"column":52},"end":{"line":25,"column":7}},"line":11}},"branchMap":{"0":{"loc":{"start":{"line":3,"column":16},"end":{"line":3,"column":26}},"type":"default-arg","locations":[{"start":{"line":3,"column":24},"end":{"line":3,"column":26}}],"line":3},"1":{"loc":{"start":{"line":4,"column":2},"end":{"line":30,"column":3}},"type":"switch","locations":[{"start":{"line":5,"column":4},"end":{"line":7,"column":5}},{"start":{"line":8,"column":4},"end":{"line":27,"column":5}},{"start":{"line":28,"column":4},"end":{"line":29,"column":19}}],"line":4},"2":{"loc":{"start":{"line":10,"column":14},"end":{"line":10,"column":21}},"type":"default-arg","locations":[{"start":{"line":10,"column":19},"end":{"line":10,"column":21}}],"line":10},"3":{"loc":{"start":{"line":12,"column":8},"end":{"line":20,"column":9}},"type":"if","locations":[{"start":{"line":12,"column":8},"end":{"line":20,"column":9}},{"start":{"line":12,"column":8},"end":{"line":20,"column":9}}],"line":12},"4":{"loc":{"start":{"line":12,"column":12},"end":{"line":12,"column":54}},"type":"binary-expr","locations":[{"start":{"line":12,"column":12},"end":{"line":12,"column":41}},{"start":{"line":12,"column":45},"end":{"line":12,"column":54}}],"line":12},"5":{"loc":{"start":{"line":13,"column":10},"end":{"line":19,"column":13}},"type":"if","locations":[{"start":{"line":13,"column":10},"end":{"line":19,"column":13}},{"start":{"line":13,"column":10},"end":{"line":19,"column":13}}],"line":13},"6":{"loc":{"start":{"line":15,"column":17},"end":{"line":19,"column":13}},"type":"if","locations":[{"start":{"line":15,"column":17},"end":{"line":19,"column":13}},{"start":{"line":15,"column":17},"end":{"line":19,"column":13}}],"line":15},"7":{"loc":{"start":{"line":21,"column":8},"end":{"line":23,"column":9}},"type":"if","locations":[{"start":{"line":21,"column":8},"end":{"line":23,"column":9}},{"start":{"line":21,"column":8},"end":{"line":23,"column":9}}],"line":21}},"s":{"0":4,"1":1,"2":2,"3":2,"4":2,"5":8,"6":0,"7":0,"8":0,"9":0,"10":0,"11":0,"12":8,"13":2,"14":8,"15":2,"16":1},"f":{"0":4,"1":8},"b":{"0":[2],"1":[1,2,1],"2":[0],"3":[0,8],"4":[8,0],"5":[0,0],"6":[0,0],"7":[2,6]},"_coverageSchema":"43e27e138ebf9cfc5966b082cf9a028302ed4184","hash":"2c7ec2d22d7a95eeeea9db753a6b21ef55c1249c"}
,"C:\\Users\\Sowmya\\ReactJS_SDLC\\BookingApp\\src\\store.js": {"path":"C:\\Users\\Sowmya\\ReactJS_SDLC\\BookingApp\\src\\store.js","statementMap":{"0":{"start":{"line":5,"column":23},"end":{"line":30,"column":3}},"1":{"start":{"line":31,"column":16},"end":{"line":35,"column":3}},"2":{"start":{"line":37,"column":2},"end":{"line":37,"column":15}}},"fnMap":{"0":{"name":"configureStore","decl":{"start":{"line":4,"column":24},"end":{"line":4,"column":38}},"loc":{"start":{"line":4,"column":41},"end":{"line":38,"column":1}},"line":4}},"branchMap":{},"s":{"0":0,"1":0,"2":0},"f":{"0":0},"b":{},"hash":"ec6adc68ebce6766005a16f25c651372400ce62e"}
,"C:\\Users\\Sowmya\\ReactJS_SDLC\\BookingApp\\src\\actions\\index.js": {"path":"C:\\Users\\Sowmya\\ReactJS_SDLC\\BookingApp\\src\\actions\\index.js","statementMap":{"0":{"start":{"line":4,"column":2},"end":{"line":6,"column":4}},"1":{"start":{"line":10,"column":2},"end":{"line":16,"column":4}},"2":{"start":{"line":20,"column":2},"end":{"line":22,"column":4}}},"fnMap":{"0":{"name":"getSavedRooms","decl":{"start":{"line":3,"column":9},"end":{"line":3,"column":22}},"loc":{"start":{"line":3,"column":35},"end":{"line":7,"column":1}},"line":3},"1":{"name":"updateRooms","decl":{"start":{"line":9,"column":9},"end":{"line":9,"column":20}},"loc":{"start":{"line":9,"column":32},"end":{"line":17,"column":1}},"line":9},"2":{"name":"saveRooms","decl":{"start":{"line":19,"column":9},"end":{"line":19,"column":18}},"loc":{"start":{"line":19,"column":21},"end":{"line":23,"column":1}},"line":19}},"branchMap":{"0":{"loc":{"start":{"line":3,"column":23},"end":{"line":3,"column":33}},"type":"default-arg","locations":[{"start":{"line":3,"column":31},"end":{"line":3,"column":33}}],"line":3}},"s":{"0":1,"1":1,"2":1},"f":{"0":1,"1":1,"2":1},"b":{"0":[1]},"_coverageSchema":"43e27e138ebf9cfc5966b082cf9a028302ed4184","hash":"aba0f25fb8420031654ae50ec116e63a56f5e0c3"}
,"C:\\Users\\Sowmya\\ReactJS_SDLC\\BookingApp\\src\\components\\App.js": {"path":"C:\\Users\\Sowmya\\ReactJS_SDLC\\BookingApp\\src\\components\\App.js","statementMap":{"0":{"start":{"line":7,"column":16},"end":{"line":7,"column":32}},"1":{"start":{"line":8,"column":2},"end":{"line":12,"column":4}}},"fnMap":{"0":{"name":"(anonymous_0)","decl":{"start":{"line":6,"column":15},"end":{"line":6,"column":16}},"loc":{"start":{"line":6,"column":21},"end":{"line":13,"column":1}},"line":6}},"branchMap":{},"s":{"0":0,"1":0},"f":{"0":0},"b":{},"hash":"37413c2ffee1cf32daeb3fae1705346c4abce019"}
,"C:\\Users\\Sowmya\\ReactJS_SDLC\\BookingApp\\src\\components\\Booking.js": {"path":"C:\\Users\\Sowmya\\ReactJS_SDLC\\BookingApp\\src\\components\\Booking.js","statementMap":{"0":{"start":{"line":9,"column":4},"end":{"line":9,"column":12}},"1":{"start":{"line":10,"column":4},"end":{"line":10,"column":47}},"2":{"start":{"line":11,"column":4},"end":{"line":11,"column":47}},"3":{"start":{"line":14,"column":4},"end":{"line":14,"column":31}},"4":{"start":{"line":17,"column":4},"end":{"line":17,"column":38}},"5":{"start":{"line":21,"column":4},"end":{"line":21,"column":24}},"6":{"start":{"line":22,"column":4},"end":{"line":22,"column":27}},"7":{"start":{"line":25,"column":27},"end":{"line":25,"column":37}},"8":{"start":{"line":26,"column":4},"end":{"line":44,"column":6}},"9":{"start":{"line":30,"column":12},"end":{"line":38,"column":14}},"10":{"start":{"line":48,"column":24},"end":{"line":52,"column":1}},"11":{"start":{"line":49,"column":2},"end":{"line":51,"column":4}},"12":{"start":{"line":53,"column":27},"end":{"line":59,"column":1}},"13":{"start":{"line":54,"column":2},"end":{"line":58,"column":4}},"14":{"start":{"line":55,"column":26},"end":{"line":55,"column":59}},"15":{"start":{"line":56,"column":33},"end":{"line":56,"column":73}},"16":{"start":{"line":57,"column":22},"end":{"line":57,"column":51}},"17":{"start":{"line":60,"column":25},"end":{"line":63,"column":10}}},"fnMap":{"0":{"name":"(anonymous_0)","decl":{"start":{"line":8,"column":2},"end":{"line":8,"column":3}},"loc":{"start":{"line":8,"column":16},"end":{"line":12,"column":3}},"line":8},"1":{"name":"(anonymous_1)","decl":{"start":{"line":13,"column":2},"end":{"line":13,"column":3}},"loc":{"start":{"line":13,"column":22},"end":{"line":15,"column":3}},"line":13},"2":{"name":"(anonymous_2)","decl":{"start":{"line":16,"column":2},"end":{"line":16,"column":3}},"loc":{"start":{"line":16,"column":23},"end":{"line":18,"column":3}},"line":16},"3":{"name":"(anonymous_3)","decl":{"start":{"line":20,"column":2},"end":{"line":20,"column":3}},"loc":{"start":{"line":20,"column":16},"end":{"line":23,"column":3}},"line":20},"4":{"name":"(anonymous_4)","decl":{"start":{"line":24,"column":2},"end":{"line":24,"column":3}},"loc":{"start":{"line":24,"column":11},"end":{"line":45,"column":3}},"line":24},"5":{"name":"(anonymous_5)","decl":{"start":{"line":29,"column":21},"end":{"line":29,"column":22}},"loc":{"start":{"line":29,"column":38},"end":{"line":39,"column":11}},"line":29},"6":{"name":"(anonymous_6)","decl":{"start":{"line":48,"column":24},"end":{"line":48,"column":25}},"loc":{"start":{"line":48,"column":35},"end":{"line":52,"column":1}},"line":48},"7":{"name":"(anonymous_7)","decl":{"start":{"line":53,"column":27},"end":{"line":53,"column":28}},"loc":{"start":{"line":53,"column":41},"end":{"line":59,"column":1}},"line":53},"8":{"name":"(anonymous_8)","decl":{"start":{"line":55,"column":19},"end":{"line":55,"column":20}},"loc":{"start":{"line":55,"column":25},"end":{"line":55,"column":60}},"line":55},"9":{"name":"(anonymous_9)","decl":{"start":{"line":56,"column":17},"end":{"line":56,"column":18}},"loc":{"start":{"line":56,"column":32},"end":{"line":56,"column":74}},"line":56},"10":{"name":"(anonymous_10)","decl":{"start":{"line":57,"column":15},"end":{"line":57,"column":16}},"loc":{"start":{"line":57,"column":21},"end":{"line":57,"column":52}},"line":57}},"branchMap":{"0":{"loc":{"start":{"line":25,"column":12},"end":{"line":25,"column":22}},"type":"default-arg","locations":[{"start":{"line":25,"column":20},"end":{"line":25,"column":22}}],"line":25}},"s":{"0":6,"1":6,"2":6,"3":4,"4":1,"5":0,"6":0,"7":6,"8":6,"9":24,"10":1,"11":0,"12":1,"13":0,"14":0,"15":0,"16":0,"17":1},"f":{"0":6,"1":4,"2":1,"3":0,"4":6,"5":24,"6":0,"7":0,"8":0,"9":0,"10":0},"b":{"0":[0]},"_coverageSchema":"43e27e138ebf9cfc5966b082cf9a028302ed4184","hash":"4daa65a62a6f51a01e56e40758424dd4e6df9022"}
,"C:\\Users\\Sowmya\\ReactJS_SDLC\\BookingApp\\src\\components\\Room.js": {"path":"C:\\Users\\Sowmya\\ReactJS_SDLC\\BookingApp\\src\\components\\Room.js","statementMap":{"0":{"start":{"line":11,"column":14},"end":{"line":13,"column":3}},"1":{"start":{"line":12,"column":4},"end":{"line":12,"column":47}},"2":{"start":{"line":15,"column":33},"end":{"line":15,"column":43}},"3":{"start":{"line":16,"column":4},"end":{"line":64,"column":6}},"4":{"start":{"line":38,"column":44},"end":{"line":42,"column":16}},"5":{"start":{"line":55,"column":47},"end":{"line":59,"column":16}}},"fnMap":{"0":{"name":"(anonymous_0)","decl":{"start":{"line":11,"column":14},"end":{"line":11,"column":15}},"loc":{"start":{"line":11,"column":22},"end":{"line":13,"column":3}},"line":11},"1":{"name":"(anonymous_1)","decl":{"start":{"line":14,"column":2},"end":{"line":14,"column":3}},"loc":{"start":{"line":14,"column":11},"end":{"line":65,"column":3}},"line":14},"2":{"name":"(anonymous_2)","decl":{"start":{"line":38,"column":26},"end":{"line":38,"column":27}},"loc":{"start":{"line":38,"column":43},"end":{"line":42,"column":17}},"line":38},"3":{"name":"(anonymous_3)","decl":{"start":{"line":55,"column":29},"end":{"line":55,"column":30}},"loc":{"start":{"line":55,"column":46},"end":{"line":59,"column":17}},"line":55}},"branchMap":{"0":{"loc":{"start":{"line":15,"column":12},"end":{"line":15,"column":21}},"type":"default-arg","locations":[{"start":{"line":15,"column":19},"end":{"line":15,"column":21}}],"line":15},"1":{"loc":{"start":{"line":18,"column":9},"end":{"line":24,"column":16}},"type":"cond-expr","locations":[{"start":{"line":19,"column":10},"end":{"line":23,"column":12}},{"start":{"line":24,"column":12},"end":{"line":24,"column":16}}],"line":18}},"s":{"0":16,"1":1,"2":16,"3":16,"4":32,"5":48},"f":{"0":1,"1":16,"2":32,"3":48},"b":{"0":[0],"1":[12,4]},"_coverageSchema":"43e27e138ebf9cfc5966b082cf9a028302ed4184","hash":"5fae16aaa5bddffe2b71104d96695657047eb261"}
,"C:\\Users\\Sowmya\\ReactJS_SDLC\\BookingApp\\src\\components\\styles.js": {"path":"C:\\Users\\Sowmya\\ReactJS_SDLC\\BookingApp\\src\\components\\styles.js","statementMap":{"0":{"start":{"line":3,"column":31},"end":{"line":5,"column":1}},"1":{"start":{"line":7,"column":25},"end":{"line":10,"column":1}},"2":{"start":{"line":12,"column":26},"end":{"line":21,"column":1}},"3":{"start":{"line":20,"column":28},"end":{"line":20,"column":69}},"4":{"start":{"line":23,"column":31},"end":{"line":29,"column":1}},"5":{"start":{"line":28,"column":34},"end":{"line":28,"column":72}},"6":{"start":{"line":31,"column":27},"end":{"line":38,"column":1}},"7":{"start":{"line":41,"column":30},"end":{"line":43,"column":1}},"8":{"start":{"line":42,"column":29},"end":{"line":42,"column":68}},"9":{"start":{"line":46,"column":28},"end":{"line":50,"column":1}},"10":{"start":{"line":52,"column":21},"end":{"line":86,"column":1}},"11":{"start":{"line":87,"column":27},"end":{"line":89,"column":1}}},"fnMap":{"0":{"name":"(anonymous_0)","decl":{"start":{"line":20,"column":16},"end":{"line":20,"column":17}},"loc":{"start":{"line":20,"column":27},"end":{"line":20,"column":70}},"line":20},"1":{"name":"(anonymous_1)","decl":{"start":{"line":28,"column":22},"end":{"line":28,"column":23}},"loc":{"start":{"line":28,"column":33},"end":{"line":28,"column":73}},"line":28},"2":{"name":"(anonymous_2)","decl":{"start":{"line":42,"column":17},"end":{"line":42,"column":18}},"loc":{"start":{"line":42,"column":28},"end":{"line":42,"column":69}},"line":42}},"branchMap":{"0":{"loc":{"start":{"line":20,"column":36},"end":{"line":20,"column":67}},"type":"cond-expr","locations":[{"start":{"line":20,"column":54},"end":{"line":20,"column":62}},{"start":{"line":20,"column":65},"end":{"line":20,"column":67}}],"line":20},"1":{"loc":{"start":{"line":28,"column":42},"end":{"line":28,"column":70}},"type":"cond-expr","locations":[{"start":{"line":28,"column":58},"end":{"line":28,"column":65}},{"start":{"line":28,"column":68},"end":{"line":28,"column":70}}],"line":28},"2":{"loc":{"start":{"line":42,"column":37},"end":{"line":42,"column":66}},"type":"cond-expr","locations":[{"start":{"line":42,"column":53},"end":{"line":42,"column":55}},{"start":{"line":42,"column":58},"end":{"line":42,"column":66}}],"line":42}},"s":{"0":1,"1":1,"2":1,"3":16,"4":1,"5":16,"6":1,"7":1,"8":16,"9":1,"10":1,"11":1},"f":{"0":16,"1":16,"2":16},"b":{"0":[16,0],"1":[4,12],"2":[4,12]},"_coverageSchema":"43e27e138ebf9cfc5966b082cf9a028302ed4184","hash":"c138a840c7682f6e66f0923edc7d2a680531a993"}
,"C:\\Users\\Sowmya\\ReactJS_SDLC\\BookingApp\\src\\constants\\index.js": {"path":"C:\\Users\\Sowmya\\ReactJS_SDLC\\BookingApp\\src\\constants\\index.js","statementMap":{"0":{"start":{"line":1,"column":22},"end":{"line":5,"column":1}}},"fnMap":{},"branchMap":{},"s":{"0":3},"f":{},"b":{},"_coverageSchema":"43e27e138ebf9cfc5966b082cf9a028302ed4184","hash":"0b5754cf1ecdb6f7552b741ae972ab23cc42d503"}
}
