TN:
SF:C:\Users\Sowmya\ReactJS_SDLC\BookingApp\src\index.js
FNF:0
FNH:0
DA:6,0
LF:1
LH:0
BRF:0
BRH:0
end_of_record
TN:
SF:C:\Users\Sowmya\ReactJS_SDLC\BookingApp\src\localStorageMiddleware.js
FN:2,(anonymous_0)
FN:2,(anonymous_1)
FN:2,(anonymous_2)
FNF:3
FNH:0
FNDA:0,(anonymous_0)
FNDA:0,(anonymous_1)
FNDA:0,(anonymous_2)
DA:2,0
DA:3,0
DA:4,0
DA:5,0
DA:10,0
DA:11,0
DA:12,0
DA:13,0
DA:16,0
DA:19,0
DA:20,0
DA:21,0
DA:26,0
DA:29,0
LF:14
LH:0
BRDA:4,0,0,0
BRDA:4,0,1,0
BRDA:5,1,0,0
BRDA:5,1,1,0
BRDA:6,2,0,0
BRDA:6,2,1,0
BRDA:6,2,2,0
BRDA:11,3,0,0
BRDA:11,3,1,0
BRDA:12,4,0,0
BRDA:12,4,1,0
BRDA:19,5,0,0
BRDA:19,5,1,0
BRDA:21,6,0,0
BRDA:21,6,1,0
BRDA:22,7,0,0
BRDA:22,7,1,0
BRDA:22,7,2,0
BRF:18
BRH:0
end_of_record
TN:
SF:C:\Users\Sowmya\ReactJS_SDLC\BookingApp\src\reducer.js
FN:3,(anonymous_0)
FN:11,(anonymous_1)
FNF:2
FNH:2
FNDA:4,(anonymous_0)
FNDA:8,(anonymous_1)
DA:4,4
DA:6,1
DA:9,2
DA:10,2
DA:11,2
DA:12,8
DA:13,0
DA:14,0
DA:15,0
DA:16,0
DA:17,0
DA:18,0
DA:21,8
DA:22,2
DA:24,8
DA:26,2
DA:29,1
LF:17
LH:11
BRDA:3,0,0,2
BRDA:4,1,0,1
BRDA:4,1,1,2
BRDA:4,1,2,1
BRDA:10,2,0,0
BRDA:12,3,0,0
BRDA:12,3,1,8
BRDA:12,4,0,8
BRDA:12,4,1,0
BRDA:13,5,0,0
BRDA:13,5,1,0
BRDA:15,6,0,0
BRDA:15,6,1,0
BRDA:21,7,0,2
BRDA:21,7,1,6
BRF:15
BRH:8
end_of_record
TN:
SF:C:\Users\Sowmya\ReactJS_SDLC\BookingApp\src\store.js
FN:4,configureStore
FNF:1
FNH:0
FNDA:0,configureStore
DA:5,0
DA:31,0
DA:37,0
LF:3
LH:0
BRF:0
BRH:0
end_of_record
TN:
SF:C:\Users\Sowmya\ReactJS_SDLC\BookingApp\src\actions\index.js
FN:3,getSavedRooms
FN:9,updateRooms
FN:19,saveRooms
FNF:3
FNH:3
FNDA:1,getSavedRooms
FNDA:1,updateRooms
FNDA:1,saveRooms
DA:4,1
DA:10,1
DA:20,1
LF:3
LH:3
BRDA:3,0,0,1
BRF:1
BRH:1
end_of_record
TN:
SF:C:\Users\Sowmya\ReactJS_SDLC\BookingApp\src\components\App.js
FN:6,(anonymous_0)
FNF:1
FNH:0
FNDA:0,(anonymous_0)
DA:7,0
DA:8,0
LF:2
LH:0
BRF:0
BRH:0
end_of_record
TN:
SF:C:\Users\Sowmya\ReactJS_SDLC\BookingApp\src\components\Booking.js
FN:8,(anonymous_0)
FN:13,(anonymous_1)
FN:16,(anonymous_2)
FN:20,(anonymous_3)
FN:24,(anonymous_4)
FN:29,(anonymous_5)
FN:48,(anonymous_6)
FN:53,(anonymous_7)
FN:55,(anonymous_8)
FN:56,(anonymous_9)
FN:57,(anonymous_10)
FNF:11
FNH:5
FNDA:6,(anonymous_0)
FNDA:4,(anonymous_1)
FNDA:1,(anonymous_2)
FNDA:0,(anonymous_3)
FNDA:6,(anonymous_4)
FNDA:24,(anonymous_5)
FNDA:0,(anonymous_6)
FNDA:0,(anonymous_7)
FNDA:0,(anonymous_8)
FNDA:0,(anonymous_9)
FNDA:0,(anonymous_10)
DA:9,6
DA:10,6
DA:11,6
DA:14,4
DA:17,1
DA:21,0
DA:22,0
DA:25,6
DA:26,6
DA:30,24
DA:48,1
DA:49,0
DA:53,1
DA:54,0
DA:55,0
DA:56,0
DA:57,0
DA:60,1
LF:18
LH:11
BRDA:25,0,0,0
BRF:1
BRH:0
end_of_record
TN:
SF:C:\Users\Sowmya\ReactJS_SDLC\BookingApp\src\components\Room.js
FN:11,(anonymous_0)
FN:14,(anonymous_1)
FN:38,(anonymous_2)
FN:55,(anonymous_3)
FNF:4
FNH:4
FNDA:1,(anonymous_0)
FNDA:16,(anonymous_1)
FNDA:32,(anonymous_2)
FNDA:48,(anonymous_3)
DA:11,16
DA:12,1
DA:15,16
DA:16,16
DA:38,32
DA:55,48
LF:6
LH:6
BRDA:15,0,0,0
BRDA:18,1,0,12
BRDA:18,1,1,4
BRF:3
BRH:2
end_of_record
TN:
SF:C:\Users\Sowmya\ReactJS_SDLC\BookingApp\src\components\styles.js
FN:20,(anonymous_0)
FN:28,(anonymous_1)
FN:42,(anonymous_2)
FNF:3
FNH:3
FNDA:16,(anonymous_0)
FNDA:16,(anonymous_1)
FNDA:16,(anonymous_2)
DA:3,1
DA:7,1
DA:12,1
DA:20,16
DA:23,1
DA:28,16
DA:31,1
DA:41,1
DA:42,16
DA:46,1
DA:52,1
DA:87,1
LF:12
LH:12
BRDA:20,0,0,16
BRDA:20,0,1,0
BRDA:28,1,0,4
BRDA:28,1,1,12
BRDA:42,2,0,4
BRDA:42,2,1,12
BRF:6
BRH:5
end_of_record
TN:
SF:C:\Users\Sowmya\ReactJS_SDLC\BookingApp\src\constants\index.js
FNF:0
FNH:0
DA:1,3
LF:1
LH:1
BRF:0
BRH:0
end_of_record
